<?xml version="1.0" encoding="UTF-8"?>
<!-- Generated by org.testng.reporters.JUnitReportReporter -->
<testsuite hostname="AshrafAnsari" failures="0" tests="2" name="AutomationTesting.AutomationTesting.verifyFooterLinks" time="40.010" errors="0" timestamp="2025-07-30T13:45:58 IST" skipped="0">
  <testcase classname="AutomationTesting.AutomationTesting.verifyFooterLinks" name="loginToSite" time="24.975"/>
  <system-out/>
  <testcase classname="AutomationTesting.AutomationTesting.verifyFooterLinks" name="clickAllFooterLinks" time="15.035"/>
  <system-out/>
</testsuite> <!-- AutomationTesting.AutomationTesting.verifyFooterLinks -->
