<?xml version="1.0" encoding="UTF-8"?>
<!-- Generated by org.testng.reporters.JUnitReportReporter -->
<testsuite hostname="AshrafAnsari" failures="0" tests="1" name="AutomationTesting.AutomationTesting.NewTest" time="0.035" errors="0" timestamp="2025-07-30T13:45:58 IST" skipped="0">
  <testcase classname="AutomationTesting.AutomationTesting.NewTest" name="f" time="0.035"/>
  <system-out/>
</testsuite> <!-- AutomationTesting.AutomationTesting.NewTest -->
