<?xml version="1.0" encoding="UTF-8"?>
<!-- Generated by org.testng.reporters.JUnitReportReporter -->
<testsuite hostname="AshrafAnsari" failures="0" tests="1" name="AutomationTesting.AutomationTesting.NavigationMenuTest" time="7.827" errors="0" timestamp="2025-09-21T00:33:22 IST" skipped="0">
  <testcase classname="AutomationTesting.AutomationTesting.NavigationMenuTest" name="clickAllProducts" time="7.827"/>
  <system-out/>
</testsuite> <!-- AutomationTesting.AutomationTesting.NavigationMenuTest -->
