<?xml version="1.0" encoding="UTF-8"?>
<!-- Generated by org.testng.reporters.JUnitReportReporter -->
<testsuite hostname="AshrafAnsari" failures="0" tests="8" name="com.toneop.tests.optclass" time="71.925" errors="0" timestamp="2025-09-19T23:20:19 IST" skipped="0">
  <testcase classname="com.toneop.tests.optclass" name="testHomePageLoads" time="4.997"/>
  <system-out/>
  <testcase classname="com.toneop.tests.optclass" name="testLoginPageLoads" time="4.251"/>
  <system-out/>
  <testcase classname="com.toneop.tests.optclass" name="testRegisterPageLoads" time="1.306"/>
  <system-out/>
  <testcase classname="com.toneop.tests.optclass" name="testPlansPageLoads" time="1.519"/>
  <system-out/>
  <testcase classname="com.toneop.tests.optclass" name="testNavigationLinksExist" time="41.807"/>
  <system-out/>
  <testcase classname="com.toneop.tests.optclass" name="testFooterExists" time="7.019"/>
  <system-out/>
  <testcase classname="com.toneop.tests.optclass" name="testSimpleButton" time="5.696"/>
  <system-out/>
  <testcase classname="com.toneop.tests.optclass" name="testPageSourceNotEmpty" time="5.330"/>
  <system-out/>
</testsuite> <!-- com.toneop.tests.optclass -->
