<?xml version="1.0" encoding="UTF-8"?>
<!-- Generated by org.testng.reporters.JUnitReportReporter -->
<testsuite hostname="AshrafAnsari" failures="0" tests="4" name="AutomationTesting.AutomationTesting.verifyMyProfileSection" time="41.955" errors="0" timestamp="2025-07-30T13:45:58 IST" skipped="0">
  <testcase classname="AutomationTesting.AutomationTesting.verifyMyProfileSection" name="loginToSite" time="25.505"/>
  <system-out/>
  <testcase classname="AutomationTesting.AutomationTesting.verifyMyProfileSection" name="verifyMyProfileSection1" time="10.595"/>
  <system-out/>
  <testcase classname="AutomationTesting.AutomationTesting.verifyMyProfileSection" name="hoverOverProfileImage" time="4.547"/>
  <system-out/>
  <testcase classname="AutomationTesting.AutomationTesting.verifyMyProfileSection" name="clickSignOut" time="1.308"/>
  <system-out/>
</testsuite> <!-- AutomationTesting.AutomationTesting.verifyMyProfileSection -->
